<?xml version="1.0" encoding="UTF-8"?>
<!-- Generated by org.testng.reporters.JUnitReportReporter -->
<testsuite hostname="LAPTOP-BKU657FU" failures="0" tests="1" name="selenium_practice.orange_hrm_login" time="30.990" errors="0" timestamp="2022-11-01T22:09:03 IST" skipped="0">
  <testcase classname="selenium_practice.orange_hrm_login" name="login" time="30.990"/>
  <system-out/>
</testsuite> <!-- selenium_practice.orange_hrm_login -->
