<?xml version="1.0" encoding="UTF-8"?>
<!-- Generated by org.testng.reporters.JUnitReportReporter -->
<testsuite hostname="LAPTOP-BKU657FU" failures="0" tests="2" name="selenium_practice.orange_hrm_login" time="59.762" errors="0" timestamp="2022-11-01T22:20:05 IST" skipped="0">
  <testcase classname="selenium_practice.orange_hrm_login" name="login" time="25.898"/>
  <system-out/>
  <testcase classname="selenium_practice.orange_hrm_login" name="login" time="33.864"/>
  <system-out/>
</testsuite> <!-- selenium_practice.orange_hrm_login -->
